<?xml version="1.0" encoding="UTF-8"?>
<!-- Generated by org.testng.reporters.JUnitReportReporter -->
<testsuite hostname="DESKTOP-1R9NJEN" failures="0" tests="2" name="com.MySQLWithTestNG.TestCases.Testcases" time="0.157" errors="0" timestamp="2024-02-21T15:33:08 IST" skipped="0">
  <testcase classname="com.MySQLWithTestNG.TestCases.Testcases" name="databaseTestingWithTestNG" time="0.151"/>
  <testcase classname="com.MySQLWithTestNG.TestCases.Testcases" name="verifyInsertCommand" time="0.006"/>
</testsuite> <!-- com.MySQLWithTestNG.TestCases.Testcases -->
